Calculating Inception Score with 100 images in 10 splits
Inception Score calculation time: 12.047823 s
is finish: (1.8086141, 0.24798986)
is score trainA vs output_B2A: (1.8086141, 0.24798986)
Calculating Inception Score with 100 images in 10 splits
Inception Score calculation time: 11.694508 s
is finish: (2.0884023, 0.2265303)
is score trainB vs output_A2B: (2.0884023, 0.2265303)
calculating fid now...
Looking for images in dataset/selfie2anime_64_64/trainA/*.png
Looking for images in dataset/selfie2anime_64_64/trainA/*.jpg
Looking for images in results/selfie2anime_64_64/test_B2A/*.png
Looking for images in results/selfie2anime_64_64/test_B2A/*.jpg
Downloading: "https://download.pytorch.org/models/inception_v3_google-1a9a5a14.pt
h" to /home/ubuntu/.cache/torch/checkpoints/inception_v3_google-1a9a5a14.pth
100%|█████████████████████████████████████████| 104M/104M [00:01<00:00, 72.6MB/s]
fid score trainA vs output_B2A: 79.49408909689322
Looking for images in dataset/selfie2anime_64_64/trainB/*.png
Looking for images in dataset/selfie2anime_64_64/trainB/*.jpg
Looking for images in results/selfie2anime_64_64/test_A2B/*.png
Looking for images in results/selfie2anime_64_64/test_A2B/*.jpg
fid score trainB vs output_A2B: 132.89435813366322
calculating kid now...
WARNING:tensorflow:From /data/git-clones/UGATIT-pytorch/frechet_kernel_Inception_
distance.py:246: to_int32 (from tensorflow.python.ops.math_ops) is deprecated and
 will be removed in a future version.
Instructions for updating:
Use tf.cast instead.
kid finish: 3.3966679126024246 0.23393258452415466
kid score trainA vs output_B2A: (3.3966679126024246, 0.23393258452415466)
kid finish: 6.160936877131462 0.5670752841979265
kid score trainB vs output_A2B: (6.160936877131462, 0.5670752841979265)
 [*] Test finished!